2011-12-15 22:35:17,633 INFO  main NodeLogger : #############################################################
2011-12-15 22:35:17,634 INFO  main NodeLogger : #                                                           #
2011-12-15 22:35:17,634 INFO  main NodeLogger : # Welcome to KNIME v2.4.2.0030673 (Build August 29, 2011)        #
2011-12-15 22:35:17,634 INFO  main NodeLogger : # the Konstanz Information Miner                            #
2011-12-15 22:35:17,634 INFO  main NodeLogger : # Based on Eclipse, www.eclipse.org                         #
2011-12-15 22:35:17,634 INFO  main NodeLogger : # Uses: Java, GEF, Log4J                                    #
2011-12-15 22:35:17,634 INFO  main NodeLogger : #                                                           #
2011-12-15 22:35:17,634 INFO  main NodeLogger : #############################################################
2011-12-15 22:35:17,634 INFO  main NodeLogger : #                                                           #
2011-12-15 22:35:17,634 INFO  main NodeLogger : # Copyright, 2003 - 2011                                    #
2011-12-15 22:35:17,634 INFO  main NodeLogger : # University of Konstanz, Germany.                          #
2011-12-15 22:35:17,634 INFO  main NodeLogger : # Chair for Bioinformatics and Information Mining           #
2011-12-15 22:35:17,634 INFO  main NodeLogger : # Prof. Dr. Michael R. Berthold                             #
2011-12-15 22:35:17,634 INFO  main NodeLogger : # and KNIME GmbH, Konstanz, Germany                         #
2011-12-15 22:35:17,634 INFO  main NodeLogger : # website: http://www.knime.org                             #
2011-12-15 22:35:17,634 INFO  main NodeLogger : # email: contact@knime.org                                  #
2011-12-15 22:35:17,634 INFO  main NodeLogger : #                                                           #
2011-12-15 22:35:17,634 INFO  main NodeLogger : #############################################################
2011-12-15 22:35:17,634 INFO  main NodeLogger : # For more details see the KNIME log file:                  #
2011-12-15 22:35:17,634 INFO  main NodeLogger : # /home/berian/Code/CS568/src/Project09/.metadata/knime/knime.log
2011-12-15 22:35:17,634 INFO  main NodeLogger : #-----------------------------------------------------------#
2011-12-15 22:35:17,635 INFO  main NodeLogger : # logging date=Thu Dec 15 22:35:17 MST 2011
2011-12-15 22:35:17,635 INFO  main NodeLogger : # java.version=1.6.0_22
2011-12-15 22:35:17,635 INFO  main NodeLogger : # java.vm.version=17.1-b03
2011-12-15 22:35:17,635 INFO  main NodeLogger : # java.vendor=Sun Microsystems Inc.
2011-12-15 22:35:17,635 INFO  main NodeLogger : # os.name=Linux
2011-12-15 22:35:17,635 INFO  main NodeLogger : # os.arch=i386
2011-12-15 22:35:17,635 INFO  main NodeLogger : # number of CPUs=2
2011-12-15 22:35:17,635 INFO  main NodeLogger : # assertions=off
2011-12-15 22:35:17,644 INFO  main NodeLogger : # host=berianwells-linux
2011-12-15 22:35:17,644 INFO  main NodeLogger : # max mem=494MB
2011-12-15 22:35:17,644 INFO  main NodeLogger : #############################################################
2011-12-15 22:35:17,669 DEBUG main KNIMECorePlugin : Setting KNIME max thread count to 4
2011-12-15 22:35:17,669 DEBUG main KNIMECorePlugin : Setting KNIME temp dir to "/tmp"
2011-12-15 22:35:17,669 INFO  main NodeLogger : Changing logging level to DEBUG
2011-12-15 22:35:17,732 INFO  main KNIMECorePlugin : Setting console view log level to WARN
2011-12-15 22:35:17,937 DEBUG main KnimeEncryption : Replacing current encryption key supplier "null" with this new one "org.knime.workbench.core.EclipseEncryptionKeySupplier@cee41f".
2011-12-15 22:35:17,946 DEBUG main KnimeEncryption : Replacing current encryption key supplier "org.knime.workbench.core.EclipseEncryptionKeySupplier@cee41f" with this new one "org.knime.workbench.ui.masterkey.MasterKeyPreferencePage$1@12cfd62".
2011-12-15 22:35:18,654 DEBUG main KnimeResourceNavigator : KNIME resource navigator created
2011-12-15 22:35:19,329 DEBUG main NodeContainer : Workflow Manager 0 has new state: EXECUTED
2011-12-15 22:35:19,329 DEBUG main WorkflowManager : Created subworkflow 0
2011-12-15 22:35:19,329 DEBUG main NodeContainer : Workflow Manager 0:1 has new state: EXECUTED
2011-12-15 22:35:19,329 DEBUG main WorkflowManager : Created subworkflow 0:1
2011-12-15 22:35:19,330 DEBUG main NodeContainer : Workflow Manager 0 has new state: EXECUTED
2011-12-15 22:35:19,330 DEBUG main WorkflowManager : Added new subworkflow 0:1
2011-12-15 22:35:19,330 DEBUG main NodeContainer : Setting dirty flag on Workflow Manager 0
2011-12-15 22:35:19,330 DEBUG main WorkflowManager : Created project 0:1
2011-12-15 22:35:19,353 DEBUG main RepositoryManager : Found category extension 'io' on path '/'
2011-12-15 22:35:19,364 DEBUG main RepositoryManager : Found category extension 'database' on path '/'
2011-12-15 22:35:19,365 DEBUG main RepositoryManager : Found category extension 'manipulation' on path '/'
2011-12-15 22:35:19,366 DEBUG main RepositoryManager : Found category extension 'mining' on path '/'
2011-12-15 22:35:19,366 DEBUG main RepositoryManager : Found category extension 'view' on path '/'
2011-12-15 22:35:19,367 DEBUG main RepositoryManager : Found category extension 'statistics' on path '/'
2011-12-15 22:35:19,368 DEBUG main RepositoryManager : Found category extension 'meta' on path '/'
2011-12-15 22:35:19,368 DEBUG main RepositoryManager : Found category extension 'misc' on path '/'
2011-12-15 22:35:19,369 DEBUG main RepositoryManager : Found category extension 'flowcontrol' on path '/'
2011-12-15 22:35:19,370 DEBUG main RepositoryManager : Found category extension 'labs' on path '/'
2011-12-15 22:35:19,371 DEBUG main RepositoryManager : Found category extension 'community' on path '/'
2011-12-15 22:35:19,373 DEBUG main RepositoryManager : Found category extension 'timeseries' on path '/'
2011-12-15 22:35:19,373 DEBUG main RepositoryManager : Found category extension 'read' on path '/io'
2011-12-15 22:35:19,374 DEBUG main RepositoryManager : Found category extension 'write' on path '/io'
2011-12-15 22:35:19,375 DEBUG main RepositoryManager : Found category extension 'column' on path '/manipulation'
2011-12-15 22:35:19,376 DEBUG main RepositoryManager : Found category extension 'row' on path '/manipulation'
2011-12-15 22:35:19,376 DEBUG main RepositoryManager : Found category extension 'clustering' on path '/mining'
2011-12-15 22:35:19,377 DEBUG main RepositoryManager : Found category extension 'property' on path '/view'
2011-12-15 22:35:19,377 DEBUG main RepositoryManager : Found category extension 'nn' on path '/mining'
2011-12-15 22:35:19,377 DEBUG main RepositoryManager : Found category extension 'regression' on path '/statistics'
2011-12-15 22:35:19,377 DEBUG main RepositoryManager : Found category extension 'rules' on path '/mining'
2011-12-15 22:35:19,378 DEBUG main RepositoryManager : Found category extension 'dtree' on path '/mining'
2011-12-15 22:35:19,378 DEBUG main RepositoryManager : Found category extension 'modeleval' on path '/mining'
2011-12-15 22:35:19,378 DEBUG main RepositoryManager : Found category extension 'artificial' on path '/io'
2011-12-15 22:35:19,379 DEBUG main RepositoryManager : Found category extension 'io-other' on path '/io'
2011-12-15 22:35:19,379 DEBUG main RepositoryManager : Found category extension 'subgroup' on path '/mining'
2011-12-15 22:35:19,380 DEBUG main RepositoryManager : Found category extension 'matrix' on path '/manipulation'
2011-12-15 22:35:19,380 DEBUG main RepositoryManager : Found category extension 'miscClass' on path '/mining'
2011-12-15 22:35:19,380 DEBUG main RepositoryManager : Found category extension 'bayes' on path '/mining'
2011-12-15 22:35:19,380 DEBUG main RepositoryManager : Found category extension 'mds' on path '/mining'
2011-12-15 22:35:19,381 DEBUG main RepositoryManager : Found category extension 'svm' on path '/mining'
2011-12-15 22:35:19,381 DEBUG main RepositoryManager : Found category extension 'java-snippet' on path '/misc'
2011-12-15 22:35:19,381 DEBUG main RepositoryManager : Found category extension 'pmml' on path '/manipulation'
2011-12-15 22:35:19,381 DEBUG main RepositoryManager : Found category extension 'pca' on path '/mining'
2011-12-15 22:35:19,386 DEBUG main RepositoryManager : Found category extension 'switches' on path '/flowcontrol'
2011-12-15 22:35:19,387 DEBUG main RepositoryManager : Found category extension 'meta-mining' on path '/mining'
2011-12-15 22:35:19,387 DEBUG main RepositoryManager : Found category extension 'variables' on path '/flowcontrol'
2011-12-15 22:35:19,388 DEBUG main RepositoryManager : Found category extension 'view-util' on path '/view'
2011-12-15 22:35:19,388 DEBUG main RepositoryManager : Found category extension 'row-other' on path '/manipulation/row'
2011-12-15 22:35:19,388 DEBUG main RepositoryManager : Found category extension 'basisfunction' on path '/mining/rules'
2011-12-15 22:35:19,389 DEBUG main RepositoryManager : Found category extension 'mlp' on path '/mining/nn'
2011-12-15 22:35:19,389 DEBUG main RepositoryManager : Found category extension 'pnn' on path '/mining/nn'
2011-12-15 22:35:19,390 DEBUG main RepositoryManager : Found category extension 'features' on path '/mining/meta-mining'
2011-12-15 22:35:19,390 DEBUG main RepositoryManager : Found category extension 'loopsupport' on path '/flowcontrol/'
2011-12-15 22:35:19,391 DEBUG main RepositoryManager : Found category extension 'crossvalidation' on path '/mining/meta-mining'
2011-12-15 22:35:19,391 DEBUG main RepositoryManager : Found category extension 'column-split+combine' on path '/manipulation/column'
2011-12-15 22:35:19,392 DEBUG main RepositoryManager : Found category extension 'column-filter' on path '/manipulation/column'
2011-12-15 22:35:19,392 DEBUG main RepositoryManager : Found category extension 'column-transform' on path '/manipulation/column'
2011-12-15 22:35:19,392 DEBUG main RepositoryManager : Found category extension 'binning' on path '/manipulation/column'
2011-12-15 22:35:19,392 DEBUG main RepositoryManager : Found category extension 'column-convert+replace' on path '/manipulation/column'
2011-12-15 22:35:19,393 DEBUG main RepositoryManager : Found category extension 'row-filter' on path '/manipulation/row'
2011-12-15 22:35:19,393 DEBUG main RepositoryManager : Found category extension 'row-transform' on path '/manipulation/row'
2011-12-15 22:35:19,496 DEBUG main RepositoryManager : Found node extension 'org.knime.base.node.mine.smote.SmoteNodeFactory': SMOTE
2011-12-15 22:35:19,521 DEBUG main RepositoryManager : Found node extension 'org.knime.base.node.io.filereader.FileReaderNodeFactory': File Reader
2011-12-15 22:35:19,560 DEBUG main RepositoryManager : Found node extension 'org.knime.base.node.viz.property.color.ColorManager2NodeFactory': Color Manager
2011-12-15 22:35:19,566 DEBUG main RepositoryManager : Found node extension 'org.knime.base.node.viz.property.size.SizeManager2NodeFactory': Size Manager
2011-12-15 22:35:19,572 DEBUG main RepositoryManager : Found node extension 'org.knime.base.node.viz.property.shape.ShapeManagerNodeFactory': Shape Manager
2011-12-15 22:35:19,596 DEBUG main RepositoryManager : Found node extension 'org.knime.base.node.viz.property.color.ColorAppenderNodeFactory': Color Appender
2011-12-15 22:35:19,601 DEBUG main RepositoryManager : Found node extension 'org.knime.base.node.viz.property.size.SizeAppenderNodeFactory': Size Appender
2011-12-15 22:35:19,606 DEBUG main RepositoryManager : Found node extension 'org.knime.base.node.viz.property.shape.ShapeAppenderNodeFactory': Shape Appender
2011-12-15 22:35:19,612 DEBUG main RepositoryManager : Found node extension 'org.knime.base.node.viz.table.TableNodeFactory': Interactive Table
2011-12-15 22:35:19,623 DEBUG main RepositoryManager : Found node extension 'org.knime.base.node.mine.scorer.scorer.AccuracyScorerNodeFactory': Scorer
2011-12-15 22:35:19,643 DEBUG main RepositoryManager : Found node extension 'org.knime.base.node.preproc.filter.column.FilterColumnNodeFactory': Column Filter
2011-12-15 22:35:19,658 DEBUG main RepositoryManager : Found node extension 'org.knime.base.node.preproc.binner.BinnerNodeFactory': Numeric Binner
2011-12-15 22:35:19,664 DEBUG main RepositoryManager : Found node extension 'org.knime.base.node.preproc.binnerdictionary.BinByDictionaryNodeFactory': Binner (Dictionary)
2011-12-15 22:35:19,680 DEBUG main RepositoryManager : Found node extension 'org.knime.base.node.util.cache.CacheNodeFactory': Cache
2011-12-15 22:35:19,698 DEBUG main RepositoryManager : Found node extension 'org.knime.base.node.mine.cluster.kmeans.ClusterNodeFactory': k-Means
2011-12-15 22:35:19,729 DEBUG main RepositoryManager : Found node extension 'org.knime.base.node.mine.bfn.fuzzy.FuzzyBasisFunctionLearnerNodeFactory': Fuzzy Rule Learner
2011-12-15 22:35:19,735 DEBUG main RepositoryManager : Found node extension 'org.knime.base.node.mine.bfn.fuzzy.FuzzyBasisFunctionPredictorNodeFactory': Fuzzy Rule Predictor
2011-12-15 22:35:19,741 DEBUG main RepositoryManager : Found node extension 'org.knime.base.node.mine.bfn.radial.RadialBasisFunctionLearnerNodeFactory': PNN Learner (DDA)
2011-12-15 22:35:19,745 DEBUG main RepositoryManager : Found node extension 'org.knime.base.node.mine.bfn.radial.RadialBasisFunctionPredictorNodeFactory': PNN Predictor
2011-12-15 22:35:19,752 DEBUG main RepositoryManager : Found node extension 'org.knime.base.node.util.sampledata.SampleDataNodeFactory': Data Generator
2011-12-15 22:35:19,771 DEBUG main RepositoryManager : Found node extension 'org.knime.base.node.io.csvwriter.CSVWriterNodeFactory': CSV Writer
2011-12-15 22:35:19,778 DEBUG main RepositoryManager : Found node extension 'org.knime.base.node.preproc.joiner.Joiner2NodeFactory': Joiner
2011-12-15 22:35:19,784 DEBUG main RepositoryManager : Found node extension 'org.knime.base.node.preproc.split.SplitNodeFactory': Splitter
2011-12-15 22:35:19,789 DEBUG main RepositoryManager : Found node extension 'org.knime.base.node.io.arffwriter.ARFFWriterNodeFactory': ARFF Writer
2011-12-15 22:35:19,794 DEBUG main RepositoryManager : Found node extension 'org.knime.base.node.preproc.sorter.SorterNodeFactory': Sorter
2011-12-15 22:35:19,799 DEBUG main RepositoryManager : Found node extension 'org.knime.base.node.io.arffreader.ARFFReaderNodeFactory': ARFF Reader
2011-12-15 22:35:19,803 DEBUG main RepositoryManager : Found node extension 'org.knime.base.node.io.csvreader.CSVReaderNodeFactory': CSV Reader
2011-12-15 22:35:19,808 DEBUG main RepositoryManager : Found node extension 'org.knime.base.node.io.linereader.LineReaderNodeFactory': Line Reader
2011-12-15 22:35:19,813 DEBUG main RepositoryManager : Found node extension 'org.knime.base.node.viz.statistics.Statistics2NodeFactory': Statistics
2011-12-15 22:35:19,825 DEBUG main RepositoryManager : Found node extension 'org.knime.base.node.viz.crosstable.CrosstabNodeFactory': Crosstab
2011-12-15 22:35:19,833 DEBUG main RepositoryManager : Found node extension 'org.knime.base.node.preproc.valcount.ValueCounterNodeFactory': Value Counter
2011-12-15 22:35:19,838 DEBUG main RepositoryManager : Found node extension 'org.knime.base.node.preproc.normalize.NormalizeNodeFactory': Normalizer
2011-12-15 22:35:19,842 DEBUG main RepositoryManager : Found node extension 'org.knime.base.node.preproc.normalize.NormalizePMMLNodeFactory': Normalizer
2011-12-15 22:35:19,847 DEBUG main RepositoryManager : Found node extension 'org.knime.base.node.preproc.normalize.PMMLNormalizerApplyNodeFactory': Normalizer (Apply)
2011-12-15 22:35:19,851 DEBUG main RepositoryManager : Found node extension 'org.knime.base.node.preproc.pmml.numbertostring.NumberToStringNodeFactory': Number To String
2011-12-15 22:35:19,856 DEBUG main RepositoryManager : Found node extension 'org.knime.base.node.preproc.pmml.stringtonumber.StringToNumberNodeFactory': String To Number
2011-12-15 22:35:19,861 DEBUG main RepositoryManager : Found node extension 'org.knime.base.node.preproc.pmml.binner.BinnerNodeFactory': Numeric Binner
2011-12-15 22:35:19,865 DEBUG main RepositoryManager : Found node extension 'org.knime.base.node.preproc.columnTrans.One2ManyColPMMLNodeFactory': One2Many
2011-12-15 22:35:19,870 DEBUG main RepositoryManager : Found node extension 'org.knime.base.node.preproc.domain.DomainNodeFactory': Domain Calculator
2011-12-15 22:35:19,875 DEBUG main RepositoryManager : Found node extension 'org.knime.base.node.preproc.append.row.AppendedRowsNodeFactory': Concatenate
2011-12-15 22:35:19,878 DEBUG main RepositoryManager : Found node extension 'org.knime.base.node.preproc.append.row.AppendedRowsWithOptionalInNodeFactory': Concatenate (Optional in)
2011-12-15 22:35:19,884 DEBUG main RepositoryManager : Found node extension 'org.knime.base.node.preproc.filter.row.RowFilterNodeFactory': Row Filter
2011-12-15 22:35:19,889 DEBUG main RepositoryManager : Found node extension 'org.knime.base.node.preproc.filter.row.RowFilter2PortNodeFactory': Row Splitter
2011-12-15 22:35:19,893 DEBUG main RepositoryManager : Found node extension 'org.knime.base.node.preproc.shuffle.ShuffleNodeFactory': Shuffle
2011-12-15 22:35:19,898 DEBUG main RepositoryManager : Found node extension 'org.knime.base.node.preproc.sample.SamplingNodeFactory': Row Sampling
2011-12-15 22:35:19,902 DEBUG main RepositoryManager : Found node extension 'org.knime.base.node.preproc.equalsizesampling.EqualSizeSamplingNodeFactory': Equal Size Sampling
2011-12-15 22:35:19,907 DEBUG main RepositoryManager : Found node extension 'org.knime.base.node.preproc.partition.PartitionNodeFactory': Partitioning
2011-12-15 22:35:19,912 DEBUG main RepositoryManager : Found node extension 'org.knime.base.node.mine.cluster.fuzzycmeans.FuzzyClusterNodeFactory': Fuzzy c-Means
2011-12-15 22:35:19,917 DEBUG main RepositoryManager : Found node extension 'org.knime.base.node.preproc.missingval.MissingValueHandlingNodeFactory': Missing Value
2011-12-15 22:35:19,922 DEBUG main RepositoryManager : Found node extension 'org.knime.base.node.mine.neural.rprop.RPropNodeFactory': RProp MLP Learner
2011-12-15 22:35:19,926 DEBUG main RepositoryManager : Found node extension 'org.knime.base.node.mine.neural.mlp.MLPPredictorNodeFactory': MultiLayerPerceptron Predictor
2011-12-15 22:35:19,967 DEBUG main RepositoryManager : Found node extension 'org.knime.base.node.io.predictor.PredictorWriterNodeFactory': Model Writer
2011-12-15 22:35:19,971 DEBUG main RepositoryManager : Found node extension 'org.knime.base.node.io.predictor.PredictorReaderNodeFactory': Model Reader
2011-12-15 22:35:19,980 DEBUG main RepositoryManager : Found node extension 'org.knime.base.node.preproc.transpose.TransposeTableNodeFactory': Transpose
2011-12-15 22:35:19,986 DEBUG main RepositoryManager : Found node extension 'org.knime.base.node.mine.decisiontreenew.predictor.DecTreePredictorNodeFactory': Decision Tree Predictor
2011-12-15 22:35:19,990 DEBUG main RepositoryManager : Found node extension 'org.knime.base.node.mine.sota.SotaLearnerNodeFactory': SOTA Learner
2011-12-15 22:35:19,994 DEBUG main RepositoryManager : Found node extension 'org.knime.base.node.preproc.rename.RenameNodeFactory': Rename
2011-12-15 22:35:19,999 DEBUG main RepositoryManager : Found node extension 'org.knime.base.node.preproc.columnrenameregex.ColumnRenameRegexNodeFactory': Column Rename (Regex)
2011-12-15 22:35:20,004 DEBUG main RepositoryManager : Found node extension 'org.knime.base.node.mine.subgroupminer.BitVectorGeneratorNodeFactory': Bitvector Generator
2011-12-15 22:35:20,008 DEBUG main RepositoryManager : Found node extension 'org.knime.base.node.mine.subgroupminer.SubgroupMinerFactory2': Association Rule Learner
2011-12-15 22:35:20,027 DEBUG main RepositoryManager : Found node extension 'org.knime.base.node.mine.regression.linear.learn.LinRegLearnerNodeFactory': Linear Regression (Learner)
2011-12-15 22:35:20,032 DEBUG main RepositoryManager : Found node extension 'org.knime.base.node.mine.regression.polynomial.learner.PolyRegLearnerNodeFactory': Polynomial Regression (Learner)
2011-12-15 22:35:20,035 DEBUG main RepositoryManager : Found node extension 'org.knime.base.node.mine.regression.predict.RegressionPredictorNodeFactory': Regression (Predictor)
2011-12-15 22:35:20,039 DEBUG main RepositoryManager : Found node extension 'org.knime.base.node.mine.regression.logistic.learner.LogRegLearnerNodeFactory': Logistic Regression (Learner)
2011-12-15 22:35:20,043 DEBUG main RepositoryManager : Found node extension 'org.knime.base.node.mine.regression.logistic.predict.GeneralRegressionPredictorNodeFactory': Logistic Regression (Predictor)
2011-12-15 22:35:20,048 DEBUG main RepositoryManager : Found node extension 'org.knime.base.node.mine.scorer.entrop.NewEntropyNodeFactory': Entropy Scorer
2011-12-15 22:35:20,052 DEBUG main RepositoryManager : Found node extension 'org.knime.base.node.io.table.read.ReadTableNodeFactory': Table Reader
2011-12-15 22:35:20,055 DEBUG main RepositoryManager : Found node extension 'org.knime.base.node.io.table.write.WriteTableNodeFactory': Table Writer
2011-12-15 22:35:20,057 DEBUG main RepositoryManager : Found node extension 'org.knime.base.node.mine.subgroupminer.BitVectorGeneratorNodeFactory': Bitvector Generator
2011-12-15 22:35:20,064 DEBUG main RepositoryManager : Found node extension 'org.knime.base.node.viz.histogram.node.HistogramNodeFactory': Histogram (interactive)
2011-12-15 22:35:20,068 DEBUG main RepositoryManager : Found node extension 'org.knime.base.node.viz.histogram.node.FixedColumnHistogramNodeFactory': Histogram
2011-12-15 22:35:20,071 DEBUG main RepositoryManager : Found node extension 'org.knime.base.node.preproc.normalize.NormalizeApplyNodeFactory': Normalizer (Apply)
2011-12-15 22:35:20,076 DEBUG main RepositoryManager : Found node extension 'org.knime.base.node.viz.plotter.box.BoxPlotNodeFactory': Box Plot
2011-12-15 22:35:20,099 DEBUG main RepositoryManager : Found node extension 'org.knime.base.node.viz.plotter.line.LinePlotterNodeFactory': Line Plot
2011-12-15 22:35:20,103 DEBUG main RepositoryManager : Found node extension 'org.knime.base.node.viz.plotter.parcoord.ParallelCoordinateNodeFactory': Parallel Coordinates
2011-12-15 22:35:20,110 DEBUG main RepositoryManager : Found node extension 'org.knime.base.node.viz.plotter.scatter.ScatterPlotterNodeFactory': Scatter Plot
2011-12-15 22:35:20,114 DEBUG main RepositoryManager : Found node extension 'org.knime.base.node.viz.plotter.scattermatrix.ScatterMatrixNodeFactory': Scatter Matrix
2011-12-15 22:35:20,117 DEBUG main RepositoryManager : Found node extension 'org.knime.base.node.preproc.hilite': HiLite Filter
2011-12-15 22:35:20,123 DEBUG main RepositoryManager : Found node extension 'org.knime.base.node.preproc.discretization.caim.modelcreator.CAIMDiscretizationNodeFactory': CAIM Binner
2011-12-15 22:35:20,126 DEBUG main RepositoryManager : Found node extension 'org.knime.base.node.preproc.discretization.caim.modelapply.DiscretizationApplyNodeFactory': CAIM Applier
2011-12-15 22:35:20,130 DEBUG main RepositoryManager : Found node extension 'org.knime.base.node.preproc.rowkey.RowKeyNodeFactory': RowID
2011-12-15 22:35:20,134 DEBUG main RepositoryManager : Found node extension 'org.knime.base.node.mine.knn.KnnNodeFactory': K Nearest Neighbor
2011-12-15 22:35:20,139 DEBUG main RepositoryManager : Found node extension 'org.knime.base.node.mine.cluster.hierarchical.HierarchicalClusterNodeFactory': Hierarchical Clustering
2011-12-15 22:35:20,142 DEBUG main RepositoryManager : Found node extension 'org.knime.base.node.mine.sota.predictor.SotaPredictorNodeFactory': SOTA Predictor
2011-12-15 22:35:20,147 DEBUG main RepositoryManager : Found node extension 'org.knime.base.node.viz.pie.node.fixed.FixedPieNodeFactory': Pie chart
2011-12-15 22:35:20,150 DEBUG main RepositoryManager : Found node extension 'org.knime.base.node.viz.pie.node.interactive.InteractivePieNodeFactory': Pie chart (interactive)
2011-12-15 22:35:20,157 DEBUG main RepositoryManager : Found node extension 'org.knime.base.node.mine.decisiontree2.learner.DecisionTreeLearnerNodeFactory': Decision Tree Learner
2011-12-15 22:35:20,162 DEBUG main RepositoryManager : Found node extension 'org.knime.base.node.preproc.groupby.GroupByNodeFactory': GroupBy
2011-12-15 22:35:20,166 DEBUG main RepositoryManager : Found node extension 'org.knime.base.node.preproc.ungroup.UngroupNodeFactory': Ungroup
2011-12-15 22:35:20,170 DEBUG main RepositoryManager : Found node extension 'org.knime.base.node.preproc.pivot.Pivot2NodeFactory': Pivoting
2011-12-15 22:35:20,174 DEBUG main RepositoryManager : Found node extension 'org.knime.base.node.mine.bayes.naivebayes.predictor.NaiveBayesPredictorNodeFactory': Naive Bayes Predictor
2011-12-15 22:35:20,179 DEBUG main RepositoryManager : Found node extension 'org.knime.base.node.bayes.mine.naivebayes.learner.NaiveBayesLearnerNodeFactory': Naive Bayes Learner
2011-12-15 22:35:20,183 DEBUG main RepositoryManager : Found node extension 'org.knime.base.node.preproc.correlation.pmcc.PMCCNodeFactory': Linear Correlation
2011-12-15 22:35:20,187 DEBUG main RepositoryManager : Found node extension 'org.knime.base.node.preproc.correlation.pmcc.PMCCFilterNodeFactory': Correlation Filter
2011-12-15 22:35:20,190 DEBUG main RepositoryManager : Found node extension 'org.knime.base.node.preproc.lowvarfilter.LowVarFilterNodeFactory': Low Variance Filter
2011-12-15 22:35:20,194 DEBUG main RepositoryManager : Found node extension 'org.knime.base.node.mine.mds.MDSNodeFactory': MDS
2011-12-15 22:35:20,197 DEBUG main RepositoryManager : Found node extension 'org.knime.base.node.mine.mds.mdsprojection.MDSProjectionNodeFactory': MDS Projection
2011-12-15 22:35:20,206 DEBUG main RepositoryManager : Found node extension 'org.knime.chem.node.viz.enrich.EnrichmentPlotterFactory': Enrichment Plotter
2011-12-15 22:35:20,211 DEBUG main RepositoryManager : Found node extension 'org.knime.base.node.mine.svm.learner.SVMLearnerNodeFactory': SVM Learner
2011-12-15 22:35:20,214 DEBUG main RepositoryManager : Found node extension 'org.knime.base.node.mine.svm.predictor.SVMPredictorNodeFactory': SVM Predictor
2011-12-15 22:35:20,218 DEBUG main RepositoryManager : Found node extension 'org.knime.base.node.preproc.colcompare.ColumnComparatorNodeFactory': Column Comparator
2011-12-15 22:35:20,222 DEBUG main RepositoryManager : Found node extension 'org.knime.base.node.preproc.rowsplit.NumericRowSplitterNodeFactory': Numeric Row Splitter
2011-12-15 22:35:20,225 DEBUG main RepositoryManager : Found node extension 'org.knime.base.node.preproc.stringreplacer.StringReplacerNodeFactory': String Replacer
2011-12-15 22:35:20,228 DEBUG main RepositoryManager : Found node extension 'org.knime.base.node.preproc.caseconvert.CaseConvertNodeFactory': Case Converter
2011-12-15 22:35:20,231 DEBUG main RepositoryManager : Found node extension 'org.knime.base.node.preproc.stringreplacer.dict.SearchReplaceDictNodeFactory': String Replace (Dictionary)
2011-12-15 22:35:20,234 DEBUG main RepositoryManager : Found node extension 'org.knime.base.node.preproc.cellsplit.CellSplitterNodeFactory': Cell Splitter
2011-12-15 22:35:20,238 DEBUG main RepositoryManager : Found node extension 'org.knime.base.node.preproc.colconvert.numbertostring.NumberToStringNodeFactory': Number To String
2011-12-15 22:35:20,242 DEBUG main RepositoryManager : Found node extension 'org.knime.base.node.preproc.colconvert.stringtonumber.StringToNumberNodeFactory': String To Number
2011-12-15 22:35:20,244 DEBUG main RepositoryManager : Found node extension 'org.knime.base.node.preproc.columnTrans.One2ManyColNodeFactory': One2Many
2011-12-15 22:35:20,248 DEBUG main RepositoryManager : Found node extension 'org.knime.base.node.preproc.columnTrans.Many2OneColNodeFactory': Many2One
2011-12-15 22:35:20,251 DEBUG main RepositoryManager : Found node extension 'org.knime.base.node.preproc.colcombine.ColCombineNodeFactory': Column Combiner
2011-12-15 22:35:20,254 DEBUG main RepositoryManager : Found node extension 'org.knime.base.node.preproc.columnmerge.ColumnMergerNodeFactory': Column Merger
2011-12-15 22:35:20,258 DEBUG main RepositoryManager : Found node extension 'org.knime.base.node.mine.cluster.assign.ClusterAssignerNodeFactory': Cluster Assigner
2011-12-15 22:35:20,262 DEBUG main RepositoryManager : Found node extension 'org.knime.base.node.viz.roc.ROCNodeFactory': ROC Curve
2011-12-15 22:35:20,266 DEBUG main RepositoryManager : Found node extension 'org.knime.base.node.io.database.DBReaderNodeFactory': Database Reader
2011-12-15 22:35:20,269 DEBUG main RepositoryManager : Found node extension 'org.knime.base.node.io.database.DBReaderConnectionNodeFactory': Database Connector
2011-12-15 22:35:20,273 DEBUG main RepositoryManager : Found node extension 'org.knime.base.node.io.database.DatabaseLoopingNodeFactory': Database Looping
2011-12-15 22:35:20,276 DEBUG main RepositoryManager : Found node extension 'org.knime.base.node.io.database.DBConnectionNodeFactory': Database Connection Reader
2011-12-15 22:35:20,279 DEBUG main RepositoryManager : Found node extension 'org.knime.base.node.io.database.DBRowFilterNodeFactory': Database Row Filter
2011-12-15 22:35:20,282 DEBUG main RepositoryManager : Found node extension 'org.knime.base.node.io.database.DBQueryNodeFactory2': Database Query
2011-12-15 22:35:20,286 DEBUG main RepositoryManager : Found node extension 'org.knime.base.node.io.database.DBColumnFilterNodeFactory': Database Column Filter
2011-12-15 22:35:20,293 DEBUG main RepositoryManager : Found node extension 'org.knime.base.node.io.database.DBConnectionWriterNodeFactory': Database Connection Writer
2011-12-15 22:35:20,296 DEBUG main RepositoryManager : Found node extension 'org.knime.base.node.io.database.DBWriterNodeFactory': Database Writer
2011-12-15 22:35:20,299 DEBUG main RepositoryManager : Found node extension 'org.knime.base.node.preproc.cellsplitbypos.CellSplitterByPositionNodeFactory': Cell Splitter By Position
2011-12-15 22:35:20,304 DEBUG main RepositoryManager : Found node extension 'org.knime.base.node.viz.condbox.ConditionalBoxPlotNodeFactory': Conditional Box Plot
2011-12-15 22:35:20,307 DEBUG main RepositoryManager : Found node extension 'org.knime.base.node.preproc.filter.columnref.ColumnFilterRefNodeFactory': Reference Column Filter
2011-12-15 22:35:20,311 DEBUG main RepositoryManager : Found node extension 'org.knime.base.node.preproc.filter.rowref.RowFilterRefNodeFactory': Reference Row Filter
2011-12-15 22:35:20,315 DEBUG main RepositoryManager : Found node extension 'org.knime.base.collection.list.create.CollectionCreateNodeFactory': Create Collection Column
2011-12-15 22:35:20,318 DEBUG main RepositoryManager : Found node extension 'org.knime.base.collection.list.split.CollectionSplitNodeFactory': Split Collection Column
2011-12-15 22:35:20,330 DEBUG main RepositoryManager : Found node extension 'org.knime.base.node.io.PMMLReaderNodeFactory': PMML Reader
2011-12-15 22:35:20,333 DEBUG main RepositoryManager : Found node extension 'org.knime.base.node.preproc.regexsplit.RegexSplitNodeFactory': Regex Split
2011-12-15 22:35:20,336 DEBUG main RepositoryManager : Found node extension 'org.knime.base.node.io.pmml.write.PMMLWriterNodeFactory': PMML Writer
2011-12-15 22:35:20,340 DEBUG main RepositoryManager : Found node extension 'org.knime.base.node.preproc.colsort.ColumnResorterNodeFactory': Column Resorter
2011-12-15 22:35:20,343 DEBUG main RepositoryManager : Found node extension 'org.knime.base.node.viz.liftchart.LiftChartNodeFactory': Lift Chart
2011-12-15 22:35:20,347 DEBUG main RepositoryManager : Found node extension 'org.knime.base.node.preproc.setoperator.SetOperatorNodeFactory': Set Operator
2011-12-15 22:35:20,352 DEBUG main RepositoryManager : Found node extension 'org.knime.base.node.meta.xvalidation.XValidatePartitionerFactory': X-Partitioner
2011-12-15 22:35:20,368 DEBUG main RepositoryManager : Found node extension 'org.knime.base.node.meta.xvalidation.AggregateOutputNodeFactory': X-Aggregator
2011-12-15 22:35:20,380 DEBUG main RepositoryManager : Found node extension 'org.knime.base.node.meta.looper.LoopStartCountNodeFactory': Counting Loop Start
2011-12-15 22:35:20,388 DEBUG main RepositoryManager : Found node extension 'org.knime.base.node.meta.looper.chunk.LoopStartChunkNodeFactory': Chunk Loop Start
2011-12-15 22:35:20,395 DEBUG main RepositoryManager : Found node extension 'org.knime.base.node.meta.looper.columnlist.ColumnListLoopStartNodeFactory': Column List Loop Start
2011-12-15 22:35:20,402 DEBUG main RepositoryManager : Found node extension 'org.knime.base.node.meta.looper.condition.LoopStartGenericNodeFactory': Generic Loop Start
2011-12-15 22:35:20,409 DEBUG main RepositoryManager : Found node extension 'org.knime.base.node.flowvariable.variableloophead.LoopStartVariableNodeFactory': TableRow To Variable Loop Start
2011-12-15 22:35:20,413 DEBUG main RepositoryManager : Found node extension 'org.knime.base.node.meta.looper.LoopEndNodeFactory': Loop End
2011-12-15 22:35:20,416 DEBUG main RepositoryManager : Found node extension 'org.knime.base.node.meta.looper.condition.LoopEndConditionNodeFactory': Variable Condition Loop End
2011-12-15 22:35:20,421 DEBUG main RepositoryManager : Found node extension 'org.knime.base.node.io.filereader.VariableFileReaderNodeFactory': Variable Based File Reader
2011-12-15 22:35:20,442 DEBUG main RepositoryManager : Found node extension 'org.knime.base.node.flowvariable.extractvariables.ExtractVariablesNodeFactory': Extract Variables (Data)
2011-12-15 22:35:20,592 DEBUG main RepositoryManager : Found node extension 'org.knime.base.node.flowvariable.extractvariables.ExtractVariablesDBNodeFactory': Extract Variables (Database)
2011-12-15 22:35:20,596 DEBUG main RepositoryManager : Found node extension 'org.knime.base.node.meta.feature.backwardelim.BWElimLoopStart1NodeFactory': Backward Feature Elimination Start (1:1)
2011-12-15 22:35:20,598 DEBUG main RepositoryManager : Found node extension 'org.knime.base.node.meta.feature.backwardelim.BWElimLoopStart2NodeFactory': Backward Feature Elimination Start (2:2)
2011-12-15 22:35:20,602 DEBUG main RepositoryManager : Found node extension 'org.knime.base.node.meta.feature.backwardelim.BWElimLoopEndNodeFactory': Backward Feature Elimination End
2011-12-15 22:35:20,606 DEBUG main RepositoryManager : Found node extension 'org.knime.base.node.meta.feature.backwardelim.BWElimFilterNodeFactory': Backward Feature Elimination Filter
2011-12-15 22:35:20,609 DEBUG main RepositoryManager : Found node extension 'org.knime.base.node.flowvariable.variabletotable.AppendVariableToTableNodeFactory': Variable To TableColumn
2011-12-15 22:35:20,612 DEBUG main RepositoryManager : Found node extension 'org.knime.base.node.flowvariable.variabletotablerow.VariableToTableNodeFactory': Variable To TableRow
2011-12-15 22:35:20,615 DEBUG main RepositoryManager : Found node extension 'org.knime.base.node.flowvariable.tablerowtovariable.TableToVariableNodeFactory': TableRow To Variable
2011-12-15 22:35:20,617 DEBUG main RepositoryManager : Found node extension 'org.knime.base.node.flowvariable.injectvariables.InjectVariablesNodeFactory': Inject Variables (Data)
2011-12-15 22:35:20,620 DEBUG main RepositoryManager : Found node extension 'org.knime.base.node.flowvariable.injectvariables.InjectVariablesDBNodeFactory': Inject Variables (Database)
2011-12-15 22:35:20,623 DEBUG main RepositoryManager : Found node extension 'org.knime.base.node.preproc.filter.nominal.NominalValueRowFilterNodeFactory': Nominal Value Row Filter
2011-12-15 22:35:20,627 DEBUG main RepositoryManager : Found node extension 'org.knime.base.node.rules.RuleEngineNodeFactory': Rule Engine
2011-12-15 22:35:20,630 DEBUG main RepositoryManager : Found node extension 'org.knime.base.node.meta.looper.LoopStartIntervalNodeFactory': Interval Loop Start
2011-12-15 22:35:20,633 DEBUG main RepositoryManager : Found node extension 'org.knime.base.node.preproc.unpivot.UnpivotNodeFactory': Unpivoting
2011-12-15 22:35:20,637 DEBUG main RepositoryManager : Found node extension 'org.knime.base.node.mine.pca.PCANodeFactory': PCA
2011-12-15 22:35:20,640 DEBUG main RepositoryManager : Found node extension 'org.knime.base.node.mine.pca.PCAComputeNodeFactory': PCA Compute
2011-12-15 22:35:20,643 DEBUG main RepositoryManager : Found node extension 'org.knime.base.node.mine.pca.PCAApplyNodeFactory': PCA Apply
2011-12-15 22:35:20,646 DEBUG main RepositoryManager : Found node extension 'org.knime.base.node.mine.pca.PCAReverseNodeFactory': PCA Inversion
2011-12-15 22:35:20,649 DEBUG main RepositoryManager : Found node extension 'org.knime.base.node.preproc.double2int.DoubleToIntNodeFactory': Double To Int
2011-12-15 22:35:20,652 DEBUG main RepositoryManager : Found node extension 'org.knime.base.node.preproc.filter.hilite.collector.HiLiteCollectorNodeFactory': HiLite Collector
2011-12-15 22:35:20,654 DEBUG main RepositoryManager : Found node extension 'org.knime.exp.node.meta.looper.LoopEnd2NodeFactory': Loop End (2 ports)
2011-12-15 22:35:20,657 DEBUG main RepositoryManager : Found node extension 'org.knime.base.node.preproc.matcher.SubsetMatcherNodeFactory': Subset Matcher
2011-12-15 22:35:20,659 DEBUG main RepositoryManager : Found node extension 'org.knime.base.node.preproc.matcher.SubsetMatcherNodeFactory': Subset Matcher
2011-12-15 22:35:20,661 DEBUG main RepositoryManager : Found node extension 'org.knime.base.node.image.ImageToTableNodeFactory': Image To Table
2011-12-15 22:35:20,664 DEBUG main RepositoryManager : Found node extension 'org.knime.base.node.switches.manualif.ManualIfNodeFactory': IF Switch
2011-12-15 22:35:20,667 DEBUG main RepositoryManager : Found node extension 'org.knime.base.node.switches.endif.EndifNodeFactory': End IF
2011-12-15 22:35:20,672 DEBUG main RepositoryManager : Found node extension 'org.knime.base.node.switches.startcase.StartcaseNodeFactory': CASE Switch
2011-12-15 22:35:20,675 DEBUG main RepositoryManager : Found node extension 'org.knime.base.node.switches.endcase.EndcaseNodeFactory': End CASE
2011-12-15 22:35:20,678 DEBUG main RepositoryManager : Found node extension 'org.knime.base.node.switches.endmodelcase.EndmodelcaseNodeFactory': End (Model) CASE
2011-12-15 22:35:20,681 DEBUG main RepositoryManager : Found node extension 'org.knime.base.node.switches.emptytablereplacer.EmptyTableReplacerNodeFactory': Empty Table Replacer
2011-12-15 22:35:20,684 DEBUG main RepositoryManager : Found node extension 'org.knime.base.node.preproc.columntogrid.ColumnToGridNodeFactory': Column to Grid
2011-12-15 22:35:20,686 DEBUG main RepositoryManager : Found node extension 'org.knime.base.node.io.extractsysprop.ReadSysPropertyNodeFactory': Extract System Properties
2011-12-15 22:35:20,689 DEBUG main RepositoryManager : Found node extension 'org.knime.base.node.preproc.columnheaderextract.ColumnHeaderExtractorNodeFactory': Extract Column Header
2011-12-15 22:35:20,692 DEBUG main RepositoryManager : Found node extension 'org.knime.base.node.preproc.columnheaderinsert.ColumnHeaderInsertNodeFactory': Insert Column Header
2011-12-15 22:35:20,695 DEBUG main RepositoryManager : Found node extension 'org.knime.base.node.preproc.createtablestructure.CreateTableStructureNodeFactory': Create Table Structure
2011-12-15 22:35:20,698 DEBUG main RepositoryManager : Found node extension 'org.knime.base.node.preproc.addemptyrows.AddEmptyRowsNodeFactory': Add Empty Rows
2011-12-15 22:35:20,701 DEBUG main RepositoryManager : Found node extension 'org.knime.base.node.preproc.cellreplace.CellReplacerNodeFactory': Cell Replacer
2011-12-15 22:35:20,704 DEBUG main RepositoryManager : Found node extension 'org.knime.base.node.preproc.autobinner.AutoBinnerLearnNodeFactory': Auto-Binner
2011-12-15 22:35:20,707 DEBUG main RepositoryManager : Found node extension 'org.knime.base.node.preproc.autobinner.apply.AutoBinnerApplyNodeFactory': Auto-Binner (Apply)
2011-12-15 22:35:20,711 DEBUG main RepositoryManager : Found node extension 'org.knime.base.node.io.tablecreator.TableCreator2NodeFactory': Table Creator
2011-12-15 22:35:20,714 DEBUG main RepositoryManager : Found node extension 'org.knime.base.node.meta.looper.LoopEndJoinNodeFactory': Loop End (Column Append)
2011-12-15 22:35:20,717 DEBUG main RepositoryManager : Found node extension 'org.knime.base.node.io.listfiles.ListFilesNodeFactory': List Files
2011-12-15 22:35:20,720 DEBUG main RepositoryManager : Found node extension 'org.knime.base.node.image.readpng.ReadPNGFromURLNodeFactory': Read PNG Images
2011-12-15 22:35:20,723 DEBUG main RepositoryManager : Found node extension 'org.knime.base.node.util.createtempdir.CreateTempDirectoryNodeFactory': Create Temp Dir
2011-12-15 22:35:20,726 DEBUG main RepositoryManager : Found node extension 'org.knime.base.node.image.writepng.WritePNGNodeFactory': Write PNG Image
2011-12-15 22:35:20,776 DEBUG main RepositoryManager : Found node extension 'org.knime.ext.sun.nodes.script.JavaScriptingNodeFactory': Java Snippet
2011-12-15 22:35:20,779 DEBUG main RepositoryManager : Found node extension 'org.knime.ext.sun.nodes.script.node.editvar.JavaEditVariableNodeFactory': Java Edit Variable
2011-12-15 22:35:20,783 DEBUG main RepositoryManager : Found node extension 'org.knime.ext.sun.nodes.script.node.ifswitch.JavaIfSwitchNodeFactory': Java IF (Table)
2011-12-15 22:35:20,786 DEBUG main RepositoryManager : Found node extension 'org.knime.ext.sun.nodes.script.node.rowsplitter.JavaRowSplitterNodeFactory': Java Snippet Row Splitter
2011-12-15 22:35:20,788 DEBUG main RepositoryManager : Found node extension 'org.knime.ext.sun.nodes.script.node.rowfilter.JavaRowFilterNodeFactory': Java Snippet Row Filter
2011-12-15 22:35:20,811 DEBUG main RepositoryManager : Found node extension 'org.knime.timeseries.node.filter.extract.ExtractFromToNodeFactory': Extract Time Window
2011-12-15 22:35:20,815 DEBUG main RepositoryManager : Found node extension 'org.knime.timeseries.node.movavg.MovingAverageNodeFactory': Moving Average
2011-12-15 22:35:20,818 DEBUG main RepositoryManager : Found node extension 'org.knime.timeseries.node.stringtotimestamp.String2DateNodeFactory': String to Date/Time
2011-12-15 22:35:20,822 DEBUG main RepositoryManager : Found node extension 'org.knime.timeseries.node.diff.TimeDifferenceNodeFactory': Time Difference
2011-12-15 22:35:20,825 DEBUG main RepositoryManager : Found node extension 'org.knime.timeseries.node.generator.DateGeneratorNodeFactory': Time Generator
2011-12-15 22:35:20,833 DEBUG main RepositoryManager : Found node extension 'org.knime.timeseries.node.extract.TimeFieldExtractorNodeFactory': Time Field Extractor
2011-12-15 22:35:20,835 DEBUG main RepositoryManager : Found node extension 'org.knime.timeseries.node.time2string.Time2StringNodeFactory': Time to String
2011-12-15 22:35:20,838 DEBUG main RepositoryManager : Found node extension 'org.knime.timeseries.node.preset.TimePresetNodeFactory': Preset Date/Time
2011-12-15 22:35:20,841 DEBUG main RepositoryManager : Found node extension 'org.knime.timeseries.node.mask.MaskTimeNodeFactory': Mask Date/Time
2011-12-15 22:35:20,844 DEBUG main RepositoryManager : Found node extension 'org.knime.timeseries.node.extract.date.DateFieldExtractorNodeFactory': Date Field Extractor
2011-12-15 22:35:20,844 DEBUG main RepositoryFactory : found pre-installed template metanode_templates/Cross Validation/
2011-12-15 22:35:20,845 DEBUG main RepositoryFactory : meta node template name: Cross Validation
2011-12-15 22:35:21,140 DEBUG main NodeContainerMetaPersistorVersion200 : Workflow being loaded ("Cross Validation") is not locked
2011-12-15 22:35:21,141 DEBUG main WorkflowManager : Loading workflow from "/home/berian/temp/knime_2.4.2/plugins/org.knime.base_2.4.2.0030698/metanode_templates/Cross Validation" (version "2.0.0" with loader class "WorkflowPersistorVersion200")
2011-12-15 22:35:21,148 DEBUG main WorkflowManager : Created subworkflow 0:1:0
2011-12-15 22:35:21,148 DEBUG main NodeContainer : KNIME MetaNode Repository 0:1 has new state: IDLE
2011-12-15 22:35:21,156 DEBUG main NodeContainerMetaPersistorVersion200 : Workflow being loaded ("X_Aggregator (#1)") is not locked
2011-12-15 22:35:21,326 DEBUG main DataType : DoubleValue is the preferred value class of cell implementation DoubleCell, made sanity check
2011-12-15 22:35:21,335 DEBUG main DataType : IntValue is the preferred value class of cell implementation IntCell, made sanity check
2011-12-15 22:35:21,351 DEBUG main NodeContainerMetaPersistorVersion200 : Workflow being loaded ("X_Partitioner (#2)") is not locked
2011-12-15 22:35:21,358 DEBUG main NodeContainer : Cross Validation 0:1:0 has new state: IDLE
2011-12-15 22:35:21,358 DEBUG main NodeContainer : Cross Validation 0:1:0 has new state: IDLE
2011-12-15 22:35:21,360 DEBUG main WorkflowManager : Added new connection from node 0:1:0(0) to node 0:1:0:2(1)
2011-12-15 22:35:21,360 DEBUG main WorkflowManager : Added new connection from node 0:1:0:1(2) to node 0:1:0(1)
2011-12-15 22:35:21,360 DEBUG main WorkflowManager : Added new connection from node 0:1:0:1(1) to node 0:1:0(0)
2011-12-15 22:35:21,373 DEBUG main NodeContainer : X-Aggregator 0:1:0:1 has new state: IDLE
2011-12-15 22:35:21,375 DEBUG main NodeContainer : X-Partitioner 0:1:0:2 has new state: IDLE
2011-12-15 22:35:21,375 DEBUG main NodeContainer : Cross Validation 0:1:0 has new state: IDLE
2011-12-15 22:35:21,376 DEBUG main NodeContainer : Cross Validation 0:1:0 has new state: IDLE
2011-12-15 22:35:21,376 DEBUG main NodeContainer : KNIME MetaNode Repository 0:1 has new state: IDLE
2011-12-15 22:35:21,376 DEBUG main WorkflowManager : Loaded workflow from "/home/berian/temp/knime_2.4.2/plugins/org.knime.base_2.4.2.0030698/metanode_templates/Cross Validation"  with no errors
2011-12-15 22:35:21,377 DEBUG main NodeContainer : Setting dirty flag on Cross Validation 0:1:0
2011-12-15 22:35:21,378 DEBUG main NodeContainer : Setting dirty flag on KNIME MetaNode Repository 0:1
2011-12-15 22:35:21,387 DEBUG main RepositoryManager : Found meta node definition 'cross_validation': X-Validation
2011-12-15 22:35:21,387 DEBUG main RepositoryFactory : found pre-installed template metanode_templates/Variables Loop (Data)/
2011-12-15 22:35:21,387 DEBUG main RepositoryFactory : meta node template name: Variables Loop (Data)
2011-12-15 22:35:21,397 DEBUG main NodeContainerMetaPersistorVersion200 : Workflow being loaded ("Variables Loop (Data)") is not locked
2011-12-15 22:35:21,397 DEBUG main WorkflowManager : Loading workflow from "/home/berian/temp/knime_2.4.2/plugins/org.knime.base_2.4.2.0030698/metanode_templates/Variables Loop (Data)" (version "2.0.0" with loader class "WorkflowPersistorVersion200")
2011-12-15 22:35:21,401 DEBUG main WorkflowManager : Created subworkflow 0:1:1
2011-12-15 22:35:21,401 DEBUG main NodeContainer : KNIME MetaNode Repository 0:1 has new state: IDLE
2011-12-15 22:35:21,402 DEBUG main NodeContainerMetaPersistorVersion200 : Workflow being loaded ("Loop End (#2)") is not locked
2011-12-15 22:35:21,405 DEBUG main NodeContainerMetaPersistorVersion200 : Workflow being loaded ("Row To Variable Loop Start (#3)") is not locked
2011-12-15 22:35:21,416 DEBUG main NodeContainerMetaPersistorVersion200 : Workflow being loaded ("Inject Variables _Data_ (#4)") is not locked
2011-12-15 22:35:21,420 DEBUG main NodeContainer : Variables Loop (Data) 0:1:1 has new state: IDLE
2011-12-15 22:35:21,420 DEBUG main NodeContainer : Variables Loop (Data) 0:1:1 has new state: IDLE
2011-12-15 22:35:21,420 DEBUG main NodeContainer : Variables Loop (Data) 0:1:1 has new state: IDLE
2011-12-15 22:35:21,420 DEBUG main WorkflowManager : Added new connection from node 0:1:1(0) to node 0:1:1:4(1)
2011-12-15 22:35:21,420 DEBUG main WorkflowManager : Added new connection from node 0:1:1(1) to node 0:1:1:3(1)
2011-12-15 22:35:21,420 DEBUG main WorkflowManager : Added new connection from node 0:1:1:3(1) to node 0:1:1:4(2)
2011-12-15 22:35:21,421 DEBUG main WorkflowManager : Added new connection from node 0:1:1:2(1) to node 0:1:1(0)
2011-12-15 22:35:21,423 DEBUG main NodeContainer : Loop End 0:1:1:2 has new state: IDLE
2011-12-15 22:35:21,425 DEBUG main NodeContainer : TableRow To Variable Loop Start 0:1:1:3 has new state: IDLE
2011-12-15 22:35:21,427 DEBUG main NodeContainer : Inject Variables (Data) 0:1:1:4 has new state: IDLE
2011-12-15 22:35:21,428 DEBUG main NodeContainer : Variables Loop (Data) 0:1:1 has new state: IDLE
2011-12-15 22:35:21,428 DEBUG main NodeContainer : Cross Validation 0:1:0 has new state: IDLE
2011-12-15 22:35:21,428 DEBUG main NodeContainer : Variables Loop (Data) 0:1:1 has new state: IDLE
2011-12-15 22:35:21,428 DEBUG main NodeContainer : KNIME MetaNode Repository 0:1 has new state: IDLE
2011-12-15 22:35:21,428 DEBUG main WorkflowManager : Loaded workflow from "/home/berian/temp/knime_2.4.2/plugins/org.knime.base_2.4.2.0030698/metanode_templates/Variables Loop (Data)"  with no errors
2011-12-15 22:35:21,429 DEBUG main RepositoryManager : Found meta node definition 'variables_loop': Variables Loop (Data)
2011-12-15 22:35:21,429 DEBUG main RepositoryFactory : found pre-installed template metanode_templates/Variables Loop (Database)/
2011-12-15 22:35:21,430 DEBUG main RepositoryFactory : meta node template name: Variables Loop (Database)
2011-12-15 22:35:21,437 DEBUG main NodeContainerMetaPersistorVersion200 : Workflow being loaded ("Variables Loop (Database)") is not locked
2011-12-15 22:35:21,437 DEBUG main WorkflowManager : Loading workflow from "/home/berian/temp/knime_2.4.2/plugins/org.knime.base_2.4.2.0030698/metanode_templates/Variables Loop (Database)" (version "2.0.0" with loader class "WorkflowPersistorVersion200")
2011-12-15 22:35:21,441 DEBUG main WorkflowManager : Created subworkflow 0:1:2
2011-12-15 22:35:21,441 DEBUG main NodeContainer : KNIME MetaNode Repository 0:1 has new state: IDLE
2011-12-15 22:35:21,441 DEBUG main NodeContainerMetaPersistorVersion200 : Workflow being loaded ("Loop End (#2)") is not locked
2011-12-15 22:35:21,444 DEBUG main NodeContainerMetaPersistorVersion200 : Workflow being loaded ("Row To Variable Loop Start (#3)") is not locked
2011-12-15 22:35:21,447 DEBUG main NodeContainerMetaPersistorVersion200 : Workflow being loaded ("Inject Variables _Database_ (#4)") is not locked
2011-12-15 22:35:21,449 DEBUG main NodeContainer : Variables Loop (Database) 0:1:2 has new state: IDLE
2011-12-15 22:35:21,450 DEBUG main NodeContainer : Variables Loop (Database) 0:1:2 has new state: IDLE
2011-12-15 22:35:21,450 DEBUG main NodeContainer : Variables Loop (Database) 0:1:2 has new state: IDLE
2011-12-15 22:35:21,450 DEBUG main WorkflowManager : Added new connection from node 0:1:2(0) to node 0:1:2:4(1)
2011-12-15 22:35:21,450 DEBUG main WorkflowManager : Added new connection from node 0:1:2(1) to node 0:1:2:3(1)
2011-12-15 22:35:21,450 DEBUG main WorkflowManager : Added new connection from node 0:1:2:3(1) to node 0:1:2:4(2)
2011-12-15 22:35:21,450 DEBUG main WorkflowManager : Added new connection from node 0:1:2:2(1) to node 0:1:2(0)
2011-12-15 22:35:21,452 DEBUG main NodeContainer : Loop End 0:1:2:2 has new state: IDLE
2011-12-15 22:35:21,453 DEBUG main NodeContainer : TableRow To Variable Loop Start 0:1:2:3 has new state: IDLE
2011-12-15 22:35:21,454 DEBUG main NodeContainer : Inject Variables (Database) 0:1:2:4 has new state: IDLE
2011-12-15 22:35:21,455 DEBUG main NodeContainer : Variables Loop (Database) 0:1:2 has new state: IDLE
2011-12-15 22:35:21,455 DEBUG main NodeContainer : Cross Validation 0:1:0 has new state: IDLE
2011-12-15 22:35:21,455 DEBUG main NodeContainer : Variables Loop (Data) 0:1:1 has new state: IDLE
2011-12-15 22:35:21,455 DEBUG main NodeContainer : Variables Loop (Database) 0:1:2 has new state: IDLE
2011-12-15 22:35:21,455 DEBUG main NodeContainer : KNIME MetaNode Repository 0:1 has new state: IDLE
2011-12-15 22:35:21,455 DEBUG main WorkflowManager : Loaded workflow from "/home/berian/temp/knime_2.4.2/plugins/org.knime.base_2.4.2.0030698/metanode_templates/Variables Loop (Database)"  with no errors
2011-12-15 22:35:21,456 DEBUG main RepositoryManager : Found meta node definition 'variables_loop_db': Variables Loop (Database)
2011-12-15 22:35:21,456 DEBUG main RepositoryFactory : found pre-installed template metanode_templates/Feature Elimination/
2011-12-15 22:35:21,456 DEBUG main RepositoryFactory : meta node template name: Feature Elimination
2011-12-15 22:35:21,460 DEBUG main NodeContainerMetaPersistorVersion200 : Workflow being loaded ("Feature Elimination") is not locked
2011-12-15 22:35:21,460 DEBUG main WorkflowManager : Loading workflow from "/home/berian/temp/knime_2.4.2/plugins/org.knime.base_2.4.2.0030698/metanode_templates/Feature Elimination" (version "2.3.0" with loader class "WorkflowPersistorVersion200")
2011-12-15 22:35:21,463 DEBUG main WorkflowManager : Created subworkflow 0:1:3
2011-12-15 22:35:21,463 DEBUG main NodeContainer : KNIME MetaNode Repository 0:1 has new state: IDLE
2011-12-15 22:35:21,464 DEBUG main NodeContainerMetaPersistorVersion200 : Workflow being loaded ("Backward Feature Elimination Start _1_1_ (#1)") is not locked
2011-12-15 22:35:21,468 DEBUG main NodeContainerMetaPersistorVersion200 : Workflow being loaded ("Backward Feature Elimination Filter (#2)") is not locked
2011-12-15 22:35:21,473 DEBUG main NodeContainerMetaPersistorVersion200 : Workflow being loaded ("Backward Feature Elimination End (#3)") is not locked
2011-12-15 22:35:21,478 DEBUG main DataType : StringValue is the preferred value class of cell implementation StringCell, made sanity check
2011-12-15 22:35:21,479 DEBUG main NodeContainerMetaPersistorVersion200 : Workflow being loaded ("Naive Bayes Learner (#6)") is not locked
2011-12-15 22:35:21,487 DEBUG main NodeContainerMetaPersistorVersion200 : Workflow being loaded ("Partitioning (#7)") is not locked
2011-12-15 22:35:21,492 DEBUG main NodeContainerMetaPersistorVersion200 : Workflow being loaded ("Naive Bayes Predictor (#8)") is not locked
2011-12-15 22:35:21,497 DEBUG main NodeContainer : Feature Elimination 0:1:3 has new state: IDLE
2011-12-15 22:35:21,497 DEBUG main NodeContainer : Feature Elimination 0:1:3 has new state: IDLE
2011-12-15 22:35:21,497 DEBUG main NodeContainer : Feature Elimination 0:1:3 has new state: IDLE
2011-12-15 22:35:21,497 DEBUG main NodeContainer : Feature Elimination 0:1:3 has new state: IDLE
2011-12-15 22:35:21,497 DEBUG main NodeContainer : Feature Elimination 0:1:3 has new state: IDLE
2011-12-15 22:35:21,498 DEBUG main NodeContainer : Feature Elimination 0:1:3 has new state: IDLE
2011-12-15 22:35:21,498 DEBUG main WorkflowManager : Added new connection from node 0:1:3(1) to node 0:1:3:2(2)
2011-12-15 22:35:21,498 DEBUG main WorkflowManager : Added new connection from node 0:1:3(0) to node 0:1:3:1(1)
2011-12-15 22:35:21,498 DEBUG main WorkflowManager : Added new connection from node 0:1:3:7(1) to node 0:1:3:6(1)
2011-12-15 22:35:21,498 DEBUG main WorkflowManager : Added new connection from node 0:1:3:3(2) to node 0:1:3:2(1)
2011-12-15 22:35:21,498 DEBUG main WorkflowManager : Added new connection from node 0:1:3:1(1) to node 0:1:3:7(1)
2011-12-15 22:35:21,498 DEBUG main WorkflowManager : Added new connection from node 0:1:3:8(1) to node 0:1:3:3(1)
2011-12-15 22:35:21,498 DEBUG main WorkflowManager : Added new connection from node 0:1:3:7(2) to node 0:1:3:8(2)
2011-12-15 22:35:21,499 DEBUG main WorkflowManager : Added new connection from node 0:1:3:6(1) to node 0:1:3:8(1)
2011-12-15 22:35:21,499 DEBUG main WorkflowManager : Added new connection from node 0:1:3:3(1) to node 0:1:3(0)
2011-12-15 22:35:21,499 DEBUG main WorkflowManager : Added new connection from node 0:1:3:2(1) to node 0:1:3(1)
2011-12-15 22:35:21,501 DEBUG main NodeContainer : Backward Feature Elimination Start (1:1) 0:1:3:1 has new state: IDLE
2011-12-15 22:35:21,503 DEBUG main NodeContainer : Partitioning 0:1:3:7 has new state: IDLE
2011-12-15 22:35:21,504 DEBUG main NodeContainer : Naive Bayes Learner 0:1:3:6 has new state: IDLE
2011-12-15 22:35:21,506 DEBUG main NodeContainer : Naive Bayes Predictor 0:1:3:8 has new state: IDLE
2011-12-15 22:35:21,507 DEBUG main NodeContainer : Backward Feature Elimination End 0:1:3:3 has new state: IDLE
2011-12-15 22:35:21,509 DEBUG main NodeContainer : Backward Feature Elimination Filter 0:1:3:2 has new state: IDLE
2011-12-15 22:35:21,509 DEBUG main NodeContainer : Feature Elimination 0:1:3 has new state: IDLE
2011-12-15 22:35:21,509 DEBUG main NodeContainer : Cross Validation 0:1:0 has new state: IDLE
2011-12-15 22:35:21,509 DEBUG main NodeContainer : Variables Loop (Data) 0:1:1 has new state: IDLE
2011-12-15 22:35:21,509 DEBUG main NodeContainer : Variables Loop (Database) 0:1:2 has new state: IDLE
2011-12-15 22:35:21,510 DEBUG main NodeContainer : Feature Elimination 0:1:3 has new state: IDLE
2011-12-15 22:35:21,510 DEBUG main NodeContainer : KNIME MetaNode Repository 0:1 has new state: IDLE
2011-12-15 22:35:21,510 DEBUG main WorkflowManager : Loaded workflow from "/home/berian/temp/knime_2.4.2/plugins/org.knime.base_2.4.2.0030698/metanode_templates/Feature Elimination"  with no errors
2011-12-15 22:35:21,510 DEBUG main NodeContainer : Setting dirty flag on Feature Elimination 0:1:3
2011-12-15 22:35:21,511 DEBUG main RepositoryManager : Found meta node definition 'feature_elimination': Feature Elimination
2011-12-15 22:35:21,511 DEBUG main RepositoryFactory : found pre-installed template metanode_templates/Iterate list of files/
2011-12-15 22:35:21,511 DEBUG main RepositoryFactory : meta node template name: Iterate list of files
2011-12-15 22:35:21,513 DEBUG main NodeContainerMetaPersistorVersion200 : Workflow being loaded ("Iterate list of files") is not locked
2011-12-15 22:35:21,513 DEBUG main WorkflowManager : Loading workflow from "/home/berian/temp/knime_2.4.2/plugins/org.knime.base_2.4.2.0030698/metanode_templates/Iterate list of files" (version "2.0.0" with loader class "WorkflowPersistorVersion200")
2011-12-15 22:35:21,515 DEBUG main WorkflowManager : Created subworkflow 0:1:4
2011-12-15 22:35:21,515 DEBUG main NodeContainer : KNIME MetaNode Repository 0:1 has new state: IDLE
2011-12-15 22:35:21,515 DEBUG main NodeContainerMetaPersistorVersion200 : Workflow being loaded ("Variable Based File Reader (#1)") is not locked
2011-12-15 22:35:21,536 DEBUG main NodeContainerMetaPersistorVersion200 : Workflow being loaded ("Row To Variable Loop Start (#2)") is not locked
2011-12-15 22:35:21,539 DEBUG main NodeContainerMetaPersistorVersion200 : Workflow being loaded ("Loop End (#3)") is not locked
2011-12-15 22:35:21,541 DEBUG main NodeContainer : Iterate List of Files 0:1:4 has new state: IDLE
2011-12-15 22:35:21,541 DEBUG main NodeContainer : Iterate List of Files 0:1:4 has new state: IDLE
2011-12-15 22:35:21,541 DEBUG main NodeContainer : Iterate List of Files 0:1:4 has new state: IDLE
2011-12-15 22:35:21,541 DEBUG main WorkflowManager : Added new connection from node 0:1:4:2(1) to node 0:1:4:1(1)
2011-12-15 22:35:21,541 DEBUG main WorkflowManager : Added new connection from node 0:1:4(0) to node 0:1:4:2(1)
2011-12-15 22:35:21,541 DEBUG main WorkflowManager : Added new connection from node 0:1:4:3(1) to node 0:1:4(0)
2011-12-15 22:35:21,543 DEBUG main NodeContainer : TableRow To Variable Loop Start 0:1:4:2 has new state: IDLE
2011-12-15 22:35:21,544 DEBUG main NodeContainer : Loop End 0:1:4:3 has new state: IDLE
2011-12-15 22:35:21,549 DEBUG main NodeContainer : Variable Based File Reader 0:1:4:1 has new state: IDLE
2011-12-15 22:35:21,550 DEBUG main NodeContainer : Iterate List of Files 0:1:4 has new state: IDLE
2011-12-15 22:35:21,550 DEBUG main NodeContainer : Cross Validation 0:1:0 has new state: IDLE
2011-12-15 22:35:21,550 DEBUG main NodeContainer : Variables Loop (Data) 0:1:1 has new state: IDLE
2011-12-15 22:35:21,550 DEBUG main NodeContainer : Variables Loop (Database) 0:1:2 has new state: IDLE
2011-12-15 22:35:21,551 DEBUG main NodeContainer : Feature Elimination 0:1:3 has new state: IDLE
2011-12-15 22:35:21,551 DEBUG main NodeContainer : Iterate List of Files 0:1:4 has new state: IDLE
2011-12-15 22:35:21,551 DEBUG main NodeContainer : KNIME MetaNode Repository 0:1 has new state: IDLE
2011-12-15 22:35:21,551 DEBUG main WorkflowManager : Loaded workflow from "/home/berian/temp/knime_2.4.2/plugins/org.knime.base_2.4.2.0030698/metanode_templates/Iterate list of files"  with no errors
2011-12-15 22:35:21,551 DEBUG main NodeContainer : Setting dirty flag on Iterate List of Files 0:1:4
2011-12-15 22:35:21,552 DEBUG main RepositoryManager : Found meta node definition 'iterate_list_of_files': Iterate List of Files
2011-12-15 22:35:21,552 DEBUG main RepositoryFactory : found pre-installed template metanode_templates/Looper/
2011-12-15 22:35:21,552 DEBUG main RepositoryFactory : meta node template name: Looper
2011-12-15 22:35:21,554 DEBUG main NodeContainerMetaPersistorVersion200 : Workflow being loaded ("Looper") is not locked
2011-12-15 22:35:21,554 DEBUG main WorkflowManager : Loading workflow from "/home/berian/temp/knime_2.4.2/plugins/org.knime.base_2.4.2.0030698/metanode_templates/Looper" (version "2.0.0" with loader class "WorkflowPersistorVersion200")
2011-12-15 22:35:21,555 DEBUG main WorkflowManager : Created subworkflow 0:1:5
2011-12-15 22:35:21,555 DEBUG main NodeContainer : KNIME MetaNode Repository 0:1 has new state: IDLE
2011-12-15 22:35:21,555 DEBUG main NodeContainerMetaPersistorVersion200 : Workflow being loaded ("Counting Loop Start (#1)") is not locked
2011-12-15 22:35:21,559 DEBUG main NodeContainerMetaPersistorVersion200 : Workflow being loaded ("Loop End (#2)") is not locked
2011-12-15 22:35:21,561 DEBUG main NodeContainer : Loop x-times 0:1:5 has new state: IDLE
2011-12-15 22:35:21,561 DEBUG main NodeContainer : Loop x-times 0:1:5 has new state: IDLE
2011-12-15 22:35:21,561 DEBUG main WorkflowManager : Added new connection from node 0:1:5(0) to node 0:1:5:1(1)
2011-12-15 22:35:21,561 DEBUG main WorkflowManager : Added new connection from node 0:1:5:2(1) to node 0:1:5(0)
2011-12-15 22:35:21,563 DEBUG main NodeContainer : Counting Loop Start 0:1:5:1 has new state: IDLE
2011-12-15 22:35:21,564 DEBUG main NodeContainer : Loop End 0:1:5:2 has new state: IDLE
2011-12-15 22:35:21,564 DEBUG main NodeContainer : Loop x-times 0:1:5 has new state: IDLE
2011-12-15 22:35:21,564 DEBUG main NodeContainer : Cross Validation 0:1:0 has new state: IDLE
2011-12-15 22:35:21,565 DEBUG main NodeContainer : Variables Loop (Data) 0:1:1 has new state: IDLE
2011-12-15 22:35:21,565 DEBUG main NodeContainer : Variables Loop (Database) 0:1:2 has new state: IDLE
2011-12-15 22:35:21,565 DEBUG main NodeContainer : Feature Elimination 0:1:3 has new state: IDLE
2011-12-15 22:35:21,565 DEBUG main NodeContainer : Iterate List of Files 0:1:4 has new state: IDLE
2011-12-15 22:35:21,565 DEBUG main NodeContainer : Loop x-times 0:1:5 has new state: IDLE
2011-12-15 22:35:21,565 DEBUG main NodeContainer : KNIME MetaNode Repository 0:1 has new state: IDLE
2011-12-15 22:35:21,565 DEBUG main WorkflowManager : Loaded workflow from "/home/berian/temp/knime_2.4.2/plugins/org.knime.base_2.4.2.0030698/metanode_templates/Looper"  with no errors
2011-12-15 22:35:21,565 DEBUG main NodeContainer : Setting dirty flag on Loop x-times 0:1:5
2011-12-15 22:35:21,566 DEBUG main RepositoryManager : Found meta node definition 'looper': Loop x-times
2011-12-15 22:35:22,207 INFO  main KnimeEnterpriseFileSystemPlugin : Started KNIME Enterprise Remote File System plug-in
2011-12-15 22:35:22,226 INFO  main Activator : Starting plug-in com.knime.enterprise.client.repositoryview
2011-12-15 22:35:26,366 INFO  main jetty : 2011-12-15 22:35:26.366:INFO:org.knime.workbench.help.jetty:Logging to org.knime.workbench.help.jetty via org.knime.workbench.helpview.JettyLogger
2011-12-15 22:35:26,420 INFO  main jetty : 2011-12-15 22:35:26.420:INFO:org.knime.workbench.help.jetty:jetty-6.1.x
2011-12-15 22:35:26,470 INFO  main jetty : 2011-12-15 22:35:26.469:INFO:org.knime.workbench.help.jetty:Started SelectChannelConnector@127.0.1.1:51176
2011-12-15 22:35:27,174 DEBUG main WorkflowEditor : Creating WorkflowEditor...
2011-12-15 22:35:27,214 DEBUG main WorkflowEditor : creating editor actions...
2011-12-15 22:35:27,253 DEBUG main WorkflowEditor : Initializing editor UI...
2011-12-15 22:35:27,253 DEBUG main WorkflowEditor : Opening workflow Editor on workflow.knime
2011-12-15 22:35:27,253 DEBUG main WorkflowEditor : Setting input into editor...
2011-12-15 22:35:27,254 DEBUG main WorkflowEditor : Resource File's project: file:/home/berian/Code/CS568/src/Project09/KNIME_project/
2011-12-15 22:35:27,314 INFO  ModalContext LoadWorkflowRunnable : New workflow created.
2011-12-15 22:35:27,316 DEBUG ModalContext NodeContainer : Workflow Manager 0:2 has new state: EXECUTED
2011-12-15 22:35:27,316 DEBUG ModalContext WorkflowManager : Created subworkflow 0:2
2011-12-15 22:35:27,316 DEBUG ModalContext NodeContainer : Workflow Manager 0 has new state: IDLE
2011-12-15 22:35:27,316 DEBUG ModalContext WorkflowManager : Added new subworkflow 0:2
2011-12-15 22:35:27,316 DEBUG ModalContext WorkflowManager : Created project 0:2
2011-12-15 22:35:27,317 DEBUG main WorkflowEditor : Saving workflow ...
2011-12-15 22:35:27,571 DEBUG main ProjectWorkflowMap : Adding "file:/home/berian/Code/CS568/src/Project09/KNIME_project/" to project map (1 in total)
2011-12-15 22:35:27,571 DEBUG main KnimeResourceNavigator : ROOT's workflow has changed NODE_ADDED
2011-12-15 22:35:27,571 DEBUG main KnimeResourceNavigator : Workflow KNIME_project 0:2 added
2011-12-15 22:35:27,572 DEBUG main ProjectWorkflowMap : registering org.knime.workbench.editor2.WorkflowEditor@fb78af to file:/home/berian/Code/CS568/src/Project09/KNIME_project/. 1 registered clients now.
2011-12-15 22:35:45,901 DEBUG main NodeTemplateDropTargetListener2 : drop: DropTargetEvent{DropTarget {} time=4066070 data=[org.knime.base.node.io.csvreader.CSVReaderNodeFactory] x=385 y=390 item=null operations=1 operation=1 feedback=1 dataTypes={ 144 } currentDataType=144}
2011-12-15 22:35:45,904 DEBUG main NodeTemplateDropTargetListener2 : to control: Point(72, 244)
2011-12-15 22:35:45,906 DEBUG main NodeContainer : Setting dirty flag on KNIME_project 0:2
2011-12-15 22:35:45,906 DEBUG KNIME-Workflow-Notifier KnimeResourceNavigator : ROOT's workflow has changed NODE_ADDED
2011-12-15 22:35:45,906 DEBUG KNIME-Workflow-Notifier KnimeResourceNavigator : Workflow CSV Reader 0:2:1 added
2011-12-15 22:35:45,906 DEBUG main KnimeResourceNavigator : state changed to IDLE
2011-12-15 22:35:45,909 DEBUG KNIME-Workflow-Notifier WorkflowEditor : Workflow event triggered: WorkflowEvent [type=NODE_ADDED;node=0:2:1;old=null;new=CSV Reader 0:2:1 (IDLE);timestamp=Dec 15, 2011 10:35:45 PM]
2011-12-15 22:35:45,910 DEBUG KNIME-Workflow-Notifier WorkflowRootEditPart : WorkflowRoot: workflow changed, refreshing children/connections..
2011-12-15 22:35:45,911 DEBUG main NodeContainer : KNIME_project 0:2 has new state: IDLE
2011-12-15 22:35:45,911 DEBUG KNIME-Workflow-Notifier KnimeResourceNavigator : ROOT's workflow has changed WORKFLOW_DIRTY
2011-12-15 22:35:45,911 DEBUG KNIME-Workflow-Notifier WorkflowEditor : Workflow event triggered: WorkflowEvent [type=WORKFLOW_DIRTY;node=0:2;old=null;new=null;timestamp=Dec 15, 2011 10:35:45 PM]
2011-12-15 22:35:45,911 DEBUG KNIME-Workflow-Notifier WorkflowRootEditPart : WorkflowRoot: workflow changed, refreshing children/connections..
2011-12-15 22:35:45,911 DEBUG KNIME-WFM-Parent-Notifier NodeContainer : Workflow Manager 0 has new state: IDLE
2011-12-15 22:35:45,915 WARN  main CSV Reader : No settings available
2011-12-15 22:35:45,915 DEBUG main NodeContainer : CSV Reader 0:2:1 has new state: IDLE
2011-12-15 22:35:45,915 DEBUG main NodeContainer : KNIME_project 0:2 has new state: IDLE
2011-12-15 22:35:45,915 DEBUG main WorkflowManager : Added new node 0:2:1
2011-12-15 22:35:45,916 DEBUG main WorkflowRootEditPart : WorkflowRoot: command stack changed
2011-12-15 22:35:46,037 DEBUG main WorkflowRootEditPart : part: NodeContainerEditPart( CSV Reader 0:2:1 (IDLE) )
2011-12-15 22:35:47,857 DEBUG main NodeContainerEditPart : CSV Reader: Opening node dialog after double click...
2011-12-15 22:35:48,196 INFO  main StringHistory : History file '/home/berian/Code/CS568/src/Project09/.metadata/knime/history_csv_read.txt' does not exist.
2011-12-15 22:36:15,278 DEBUG main NodeContainer : KNIME_project 0:2 has new state: IDLE
2011-12-15 22:36:15,278 DEBUG main NodeContainer : Setting dirty flag on CSV Reader 0:2:1
2011-12-15 22:36:15,280 DEBUG main CSV Reader : Configure succeeded. (CSV Reader)
2011-12-15 22:36:15,282 DEBUG main NodeContainer : CSV Reader 0:2:1 has new state: CONFIGURED
2011-12-15 22:36:15,282 DEBUG main KnimeResourceNavigator : state changed to CONFIGURED
2011-12-15 22:36:15,282 DEBUG main NodeContainer : KNIME_project 0:2 has new state: CONFIGURED
2011-12-15 22:36:15,282 DEBUG KNIME-WFM-Parent-Notifier NodeContainer : Workflow Manager 0 has new state: IDLE
2011-12-15 22:36:18,034 DEBUG main ExecuteAction : Creating execution job for 1 node(s)...
2011-12-15 22:36:18,035 DEBUG main NodeContainer : CSV Reader 0:2:1 has new state: MARKEDFOREXEC
2011-12-15 22:36:18,035 DEBUG main NodeContainer : CSV Reader 0:2:1 has new state: QUEUED
2011-12-15 22:36:18,041 DEBUG main KnimeResourceNavigator : state changed to EXECUTING
2011-12-15 22:36:18,041 DEBUG main NodeContainer : KNIME_project 0:2 has new state: EXECUTING
2011-12-15 22:36:18,042 DEBUG KNIME-WFM-Parent-Notifier NodeContainer : Workflow Manager 0 has new state: EXECUTING
2011-12-15 22:36:18,042 DEBUG KNIME-Worker-0 WorkflowManager : CSV Reader 0:2:1 doBeforePreExecution
2011-12-15 22:36:18,042 DEBUG KNIME-Worker-0 NodeContainer : CSV Reader 0:2:1 has new state: PREEXECUTE
2011-12-15 22:36:18,042 DEBUG KNIME-Worker-0 NodeContainer : KNIME_project 0:2 has new state: EXECUTING
2011-12-15 22:36:18,042 DEBUG KNIME-Worker-0 WorkflowManager : CSV Reader 0:2:1 doBeforeExecution
2011-12-15 22:36:18,043 DEBUG KNIME-Worker-0 NodeContainer : CSV Reader 0:2:1 has new state: EXECUTING
2011-12-15 22:36:18,043 DEBUG KNIME-Worker-0 NodeContainer : KNIME_project 0:2 has new state: EXECUTING
2011-12-15 22:36:18,043 DEBUG KNIME-Worker-0 LocalNodeExecutionJob : CSV Reader 0:2:1 Start execute
2011-12-15 22:36:18,405 INFO  KNIME-Worker-0 LocalNodeExecutionJob : CSV Reader 0:2:1 End execute (0 secs)
2011-12-15 22:36:18,406 DEBUG KNIME-Worker-0 WorkflowManager : CSV Reader 0:2:1 doBeforePostExecution
2011-12-15 22:36:18,406 DEBUG KNIME-Worker-0 NodeContainer : CSV Reader 0:2:1 has new state: POSTEXECUTE
2011-12-15 22:36:18,406 DEBUG KNIME-Worker-0 NodeContainer : KNIME_project 0:2 has new state: EXECUTING
2011-12-15 22:36:18,406 DEBUG KNIME-Worker-0 WorkflowManager : CSV Reader 0:2:1 doAfterExecute - success
2011-12-15 22:36:18,406 DEBUG KNIME-Worker-0 NodeContainer : CSV Reader 0:2:1 has new state: EXECUTED
2011-12-15 22:36:18,406 DEBUG KNIME-Worker-0 KnimeResourceNavigator : state changed to EXECUTED
2011-12-15 22:36:18,406 DEBUG KNIME-Worker-0 NodeContainer : KNIME_project 0:2 has new state: EXECUTED
2011-12-15 22:36:18,406 DEBUG KNIME-WFM-Parent-Notifier NodeContainer : Workflow Manager 0 has new state: IDLE
2011-12-15 22:36:18,406 DEBUG KNIME-Worker-0 NodeContainer : KNIME_project 0:2 has new state: EXECUTED
2011-12-15 22:36:24,225 DEBUG main OpenPortViewAction : Open Port View CSV Reader (#1)
2011-12-15 22:37:07,972 DEBUG main NodeTemplateDropTargetListener2 : drop: DropTargetEvent{DropTarget {} time=4148141 data=[org.knime.base.node.mine.cluster.kmeans.ClusterNodeFactory] x=543 y=410 item=null operations=1 operation=1 feedback=1 dataTypes={ 144 } currentDataType=144}
2011-12-15 22:37:07,976 DEBUG main NodeTemplateDropTargetListener2 : to control: Point(230, 264)
2011-12-15 22:37:07,980 DEBUG main KnimeResourceNavigator : state changed to IDLE
2011-12-15 22:37:07,980 DEBUG KNIME-Workflow-Notifier KnimeResourceNavigator : ROOT's workflow has changed NODE_ADDED
2011-12-15 22:37:07,980 DEBUG KNIME-Workflow-Notifier KnimeResourceNavigator : Workflow k-Means 0:2:2 added
2011-12-15 22:37:07,980 DEBUG main NodeContainer : KNIME_project 0:2 has new state: IDLE
2011-12-15 22:37:07,980 DEBUG KNIME-WFM-Parent-Notifier NodeContainer : Workflow Manager 0 has new state: IDLE
2011-12-15 22:37:07,980 DEBUG main NodeContainer : KNIME_project 0:2 has new state: IDLE
2011-12-15 22:37:07,980 DEBUG KNIME-Workflow-Notifier WorkflowEditor : Workflow event triggered: WorkflowEvent [type=NODE_ADDED;node=0:2:2;old=null;new=k-Means 0:2:2 (IDLE);timestamp=Dec 15, 2011 10:37:07 PM]
2011-12-15 22:37:07,981 DEBUG KNIME-Workflow-Notifier WorkflowRootEditPart : WorkflowRoot: workflow changed, refreshing children/connections..
2011-12-15 22:37:07,980 DEBUG main WorkflowManager : Added new node 0:2:2
2011-12-15 22:37:07,982 DEBUG main WorkflowRootEditPart : WorkflowRoot: command stack changed
2011-12-15 22:37:08,067 DEBUG main WorkflowRootEditPart : part: NodeContainerEditPart( k-Means 0:2:2 (IDLE) )
2011-12-15 22:37:08,067 DEBUG main NodeContainerEditPart : CSV Reader 0:2:1 (EXECUTED)
2011-12-15 22:37:09,961 DEBUG main WorkflowRootEditPart : WorkflowRoot: command stack changed
2011-12-15 22:37:14,034 DEBUG main NodeContainerEditPart : k-Means 0:2:2 (IDLE)
2011-12-15 22:37:14,034 DEBUG main NodeContainerEditPart : CSV Reader 0:2:1 (EXECUTED)
2011-12-15 22:37:15,236 DEBUG main CreateConnectionCommand : adding connection from 0:2:1 1 to 0:2:2 1
2011-12-15 22:37:15,254 DEBUG main k-Means : Configure succeeded. (k-Means)
2011-12-15 22:37:15,254 DEBUG main NodeContainer : Setting dirty flag on k-Means 0:2:2
2011-12-15 22:37:15,255 DEBUG main NodeContainer : k-Means 0:2:2 has new state: CONFIGURED
2011-12-15 22:37:15,255 DEBUG main KnimeResourceNavigator : state changed to CONFIGURED
2011-12-15 22:37:15,255 DEBUG main NodeContainer : KNIME_project 0:2 has new state: CONFIGURED
2011-12-15 22:37:15,255 DEBUG main NodeContainer : KNIME_project 0:2 has new state: CONFIGURED
2011-12-15 22:37:15,255 DEBUG KNIME-WFM-Parent-Notifier NodeContainer : Workflow Manager 0 has new state: IDLE
2011-12-15 22:37:15,255 DEBUG KNIME-Workflow-Notifier KnimeResourceNavigator : ROOT's workflow has changed CONNECTION_ADDED
2011-12-15 22:37:15,255 DEBUG KNIME-Workflow-Notifier WorkflowEditor : Workflow event triggered: WorkflowEvent [type=CONNECTION_ADDED;node=null;old=null;new=STD[0:2:1(1) -> 0:2:2( 1)];timestamp=Dec 15, 2011 10:37:15 PM]
2011-12-15 22:37:15,255 DEBUG KNIME-Workflow-Notifier WorkflowRootEditPart : WorkflowRoot: workflow changed, refreshing children/connections..
2011-12-15 22:37:15,256 DEBUG main WorkflowManager : Added new connection from node 0:2:1(1) to node 0:2:2(1)
2011-12-15 22:37:15,256 DEBUG main WorkflowRootEditPart : WorkflowRoot: command stack changed
2011-12-15 22:37:15,282 DEBUG main ConnectionContainerEditPart : refreshing visuals for: STD[0:2:1(1) -> 0:2:2( 1)]
2011-12-15 22:37:15,282 DEBUG main ConnectionContainerEditPart : modelling info: null
2011-12-15 22:37:15,282 DEBUG main ConnectionContainerEditPart : refreshing visuals for: STD[0:2:1(1) -> 0:2:2( 1)]
2011-12-15 22:37:15,282 DEBUG main ConnectionContainerEditPart : modelling info: null
2011-12-15 22:37:16,463 DEBUG main NodeContainerEditPart : CSV Reader 0:2:1 (EXECUTED)
2011-12-15 22:37:16,464 DEBUG main NodeContainerEditPart : k-Means 0:2:2 (CONFIGURED)
2011-12-15 22:37:16,625 DEBUG main NodeContainerEditPart : k-Means: Opening node dialog after double click...
2011-12-15 22:37:36,230 DEBUG main NodeContainer : KNIME_project 0:2 has new state: CONFIGURED
2011-12-15 22:37:36,230 DEBUG main k-Means : reset
2011-12-15 22:37:36,230 DEBUG main k-Means : clean output ports.
2011-12-15 22:37:36,231 DEBUG main NodeContainer : k-Means 0:2:2 has new state: IDLE
2011-12-15 22:37:36,238 DEBUG main k-Means : Configure succeeded. (k-Means)
2011-12-15 22:37:36,239 DEBUG main NodeContainer : k-Means 0:2:2 has new state: CONFIGURED
2011-12-15 22:37:36,239 DEBUG main NodeContainer : KNIME_project 0:2 has new state: CONFIGURED
2011-12-15 22:37:39,465 DEBUG main ExecuteAction : Creating execution job for 1 node(s)...
2011-12-15 22:37:39,466 DEBUG main NodeContainer : k-Means 0:2:2 has new state: MARKEDFOREXEC
2011-12-15 22:37:39,467 DEBUG main NodeContainer : k-Means 0:2:2 has new state: QUEUED
2011-12-15 22:37:39,468 DEBUG main KnimeResourceNavigator : state changed to EXECUTING
2011-12-15 22:37:39,468 DEBUG main NodeContainer : KNIME_project 0:2 has new state: EXECUTING
2011-12-15 22:37:39,468 DEBUG KNIME-WFM-Parent-Notifier NodeContainer : Workflow Manager 0 has new state: EXECUTING
2011-12-15 22:37:39,468 DEBUG KNIME-Worker-0 WorkflowManager : k-Means 0:2:2 doBeforePreExecution
2011-12-15 22:37:39,469 DEBUG KNIME-Worker-0 NodeContainer : k-Means 0:2:2 has new state: PREEXECUTE
2011-12-15 22:37:39,469 DEBUG KNIME-Worker-0 NodeContainer : KNIME_project 0:2 has new state: EXECUTING
2011-12-15 22:37:39,469 DEBUG KNIME-Worker-0 WorkflowManager : k-Means 0:2:2 doBeforeExecution
2011-12-15 22:37:39,469 DEBUG KNIME-Worker-0 NodeContainer : k-Means 0:2:2 has new state: EXECUTING
2011-12-15 22:37:39,469 DEBUG KNIME-Worker-0 NodeContainer : KNIME_project 0:2 has new state: EXECUTING
2011-12-15 22:37:39,469 DEBUG KNIME-Worker-0 LocalNodeExecutionJob : k-Means 0:2:2 Start execute
2011-12-15 22:37:40,540 INFO  KNIME-Worker-0 LocalNodeExecutionJob : k-Means 0:2:2 End execute (1 sec)
2011-12-15 22:37:40,540 DEBUG KNIME-Worker-0 WorkflowManager : k-Means 0:2:2 doBeforePostExecution
2011-12-15 22:37:40,540 DEBUG KNIME-Worker-0 NodeContainer : k-Means 0:2:2 has new state: POSTEXECUTE
2011-12-15 22:37:40,540 DEBUG KNIME-Worker-0 NodeContainer : KNIME_project 0:2 has new state: EXECUTING
2011-12-15 22:37:40,540 DEBUG KNIME-Worker-0 WorkflowManager : k-Means 0:2:2 doAfterExecute - success
2011-12-15 22:37:40,540 DEBUG KNIME-Worker-0 NodeContainer : k-Means 0:2:2 has new state: EXECUTED
2011-12-15 22:37:40,540 DEBUG KNIME-Worker-0 KnimeResourceNavigator : state changed to EXECUTED
2011-12-15 22:37:40,541 DEBUG KNIME-Worker-0 NodeContainer : KNIME_project 0:2 has new state: EXECUTED
2011-12-15 22:37:40,541 DEBUG KNIME-WFM-Parent-Notifier NodeContainer : Workflow Manager 0 has new state: IDLE
2011-12-15 22:37:40,541 DEBUG KNIME-Worker-0 NodeContainer : KNIME_project 0:2 has new state: EXECUTED
2011-12-15 22:37:45,578 DEBUG main OpenPortViewAction : Open Port View k-Means (#2)
2011-12-15 22:37:45,741 DEBUG OutPortView-Updater-2 DataType : PMMLValue is the preferred value class of cell implementation PMMLCell, made sanity check
2011-12-15 22:37:45,741 DEBUG OutPortView-Updater-2 DataType : PMMLValue is the preferred value class of cell implementation PMMLCell, made sanity check
2011-12-15 22:37:45,819 DEBUG OutPortView-Updater-2 DataType : XMLValue is the preferred value class of cell implementation XMLCell, made sanity check
2011-12-15 22:37:45,819 DEBUG OutPortView-Updater-2 DataType : XMLValue is the preferred value class of cell implementation XMLCell, made sanity check
2011-12-15 22:37:53,096 DEBUG main OpenPortViewAction : Open Port View k-Means (#1)
2011-12-15 22:38:34,288 DEBUG main OpenPortViewAction : Open Port View k-Means (#2)
2011-12-15 22:38:58,917 DEBUG main OpenViewAction : Open Node View k-Means (#0)
2011-12-15 22:38:58,941 DEBUG AWT-EventQueue-0 ClusterNodeModel : Registering view at model (total count 1)
2011-12-15 22:40:05,210 DEBUG AWT-EventQueue-0 ClusterNodeModel : Unregistering view from model (0 remaining).
2011-12-15 22:41:33,343 DEBUG main OpenViewAction : Open Node View k-Means (#0)
2011-12-15 22:41:33,350 DEBUG AWT-EventQueue-0 ClusterNodeModel : Registering view at model (total count 1)
